[debug] [2023-07-11T13:26:17.056Z] ----------------------------------------------------------------------
[debug] [2023-07-11T13:26:17.062Z] Command:       /usr/local/bin/node /usr/local/bin/firebase init
[debug] [2023-07-11T13:26:17.062Z] CLI Version:   12.4.3
[debug] [2023-07-11T13:26:17.062Z] Platform:      darwin
[debug] [2023-07-11T13:26:17.062Z] Node Version:  v20.4.0
[debug] [2023-07-11T13:26:17.062Z] Time:          Tue Jul 11 2023 21:26:17 GMT+0800 (马来西亚时间)
[debug] [2023-07-11T13:26:17.062Z] ----------------------------------------------------------------------
[debug] 
[debug] [2023-07-11T13:26:17.064Z] > command requires scopes: ["email","openid","https://www.googleapis.com/auth/cloudplatformprojects.readonly","https://www.googleapis.com/auth/firebase","https://www.googleapis.com/auth/cloud-platform"]
[debug] [2023-07-11T13:26:17.064Z] > authorizing via signed-in user (alchaincyf@gmail.com)
[info] 
     ######## #### ########  ######## ########     ###     ######  ########
     ##        ##  ##     ## ##       ##     ##  ##   ##  ##       ##
     ######    ##  ########  ######   ########  #########  ######  ######
     ##        ##  ##    ##  ##       ##     ## ##     ##       ## ##
     ##       #### ##     ## ######## ########  ##     ##  ######  ########

You're about to initialize a Firebase project in this directory:

  /Users/alchain/Documents/blog

[info] 
=== Project Setup
[info] 
[info] First, let's associate this project directory with a Firebase project.
[info] You can create multiple project aliases by running firebase use --add, 
[info] but for now we'll just set up a default project.
[info] 
[debug] [2023-07-11T13:26:25.173Z] >>> [apiv2][query] GET https://firebase.googleapis.com/v1beta1/projects pageSize=100
[debug] [2023-07-11T13:26:26.161Z] <<< [apiv2][status] GET https://firebase.googleapis.com/v1beta1/projects 200
[debug] [2023-07-11T13:26:26.161Z] <<< [apiv2][body] GET https://firebase.googleapis.com/v1beta1/projects [omitted]
[info] i  Using project bookai-f1e89 (BookAI) 
[info] 
=== Database Setup
[info] i  database: ensuring required API firebasedatabase.googleapis.com is enabled... 
[debug] [2023-07-11T13:26:28.237Z] >>> [apiv2][query] GET https://serviceusage.googleapis.com/v1/projects/bookai-f1e89/services/firebasedatabase.googleapis.com [none]
[debug] [2023-07-11T13:26:28.237Z] >>> [apiv2][(partial)header] GET https://serviceusage.googleapis.com/v1/projects/bookai-f1e89/services/firebasedatabase.googleapis.com x-goog-quota-user=projects/bookai-f1e89
[debug] [2023-07-11T13:26:29.891Z] <<< [apiv2][status] GET https://serviceusage.googleapis.com/v1/projects/bookai-f1e89/services/firebasedatabase.googleapis.com 200
[debug] [2023-07-11T13:26:29.891Z] <<< [apiv2][body] GET https://serviceusage.googleapis.com/v1/projects/bookai-f1e89/services/firebasedatabase.googleapis.com [omitted]
[info] ✔  database: required API firebasedatabase.googleapis.com is enabled 
[info] 
[debug] [2023-07-11T13:26:29.892Z] >>> [apiv2][query] GET https://firebasedatabase.googleapis.com/v1beta/projects/bookai-f1e89/locations/-/instances/bookai-f1e89-default-rtdb [none]
[debug] [2023-07-11T13:26:31.284Z] <<< [apiv2][status] GET https://firebasedatabase.googleapis.com/v1beta/projects/bookai-f1e89/locations/-/instances/bookai-f1e89-default-rtdb 200
[debug] [2023-07-11T13:26:31.284Z] <<< [apiv2][body] GET https://firebasedatabase.googleapis.com/v1beta/projects/bookai-f1e89/locations/-/instances/bookai-f1e89-default-rtdb {"name":"projects/548167899694/locations/asia-southeast1/instances/bookai-f1e89-default-rtdb","project":"projects/548167899694","databaseUrl":"https://bookai-f1e89-default-rtdb.asia-southeast1.firebasedatabase.app","type":"DEFAULT_DATABASE","state":"ACTIVE"}
[info] 
[info] Firebase Realtime Database Security Rules allow you to define how your data should be
[info] structured and when your data can be read from and written to.
[info] 
[debug] [2023-07-11T13:26:45.707Z] >>> [apiv2][query] GET https://bookai-f1e89-default-rtdb.asia-southeast1.firebasedatabase.app/.settings/rules.json [none]
[debug] [2023-07-11T13:26:45.786Z] <<< [apiv2][status] GET https://bookai-f1e89-default-rtdb.asia-southeast1.firebasedatabase.app/.settings/rules.json 200
[debug] [2023-07-11T13:26:45.786Z] <<< [apiv2][body] GET https://bookai-f1e89-default-rtdb.asia-southeast1.firebasedatabase.app/.settings/rules.json [stream]
[info] ✔  Database Rules for bookai-f1e89-default-rtdb have been written to database.rules.json. 
[info] Future modifications to database.rules.json will update Realtime Database Security Rules when you run
[info] firebase deploy.
[info] 
=== Firestore Setup
[debug] [2023-07-11T13:26:45.789Z] >>> [apiv2][query] GET https://serviceusage.googleapis.com/v1/projects/bookai-f1e89/services/firestore.googleapis.com [none]
[debug] [2023-07-11T13:26:45.789Z] >>> [apiv2][(partial)header] GET https://serviceusage.googleapis.com/v1/projects/bookai-f1e89/services/firestore.googleapis.com x-goog-quota-user=projects/bookai-f1e89
[debug] [2023-07-11T13:26:47.848Z] <<< [apiv2][status] GET https://serviceusage.googleapis.com/v1/projects/bookai-f1e89/services/firestore.googleapis.com 200
[debug] [2023-07-11T13:26:47.848Z] <<< [apiv2][body] GET https://serviceusage.googleapis.com/v1/projects/bookai-f1e89/services/firestore.googleapis.com [omitted]
[debug] [2023-07-11T13:26:47.849Z] >>> [apiv2][query] GET https://firestore.googleapis.com/v1/projects/bookai-f1e89/databases/(default) [none]
[debug] [2023-07-11T13:26:48.303Z] <<< [apiv2][status] GET https://firestore.googleapis.com/v1/projects/bookai-f1e89/databases/(default) 200
[debug] [2023-07-11T13:26:48.303Z] <<< [apiv2][body] GET https://firestore.googleapis.com/v1/projects/bookai-f1e89/databases/(default) {"name":"projects/bookai-f1e89/databases/(default)","uid":"2ba38df4-8fc2-4029-aa59-5d6a479663de","createTime":"2023-07-11T13:24:56.877308Z","updateTime":"2023-07-11T13:24:56.877308Z","locationId":"asia-east2","type":"FIRESTORE_NATIVE","concurrencyMode":"PESSIMISTIC","versionRetentionPeriod":"3600s","earliestVersionTime":"2023-07-11T13:24:56.877308Z","appEngineIntegrationMode":"DISABLED","keyPrefix":"n","pointInTimeRecoveryEnablement":"POINT_IN_TIME_RECOVERY_DISABLED","deleteProtectionState":"DELETE_PROTECTION_DISABLED","etag":"ILW15ujghoADMPz51rPghoAD"}
[debug] [2023-07-11T13:26:48.304Z] database_type: FIRESTORE_NATIVE
[debug] [2023-07-11T13:26:48.304Z] > command requires scopes: ["email","openid","https://www.googleapis.com/auth/cloudplatformprojects.readonly","https://www.googleapis.com/auth/firebase","https://www.googleapis.com/auth/cloud-platform"]
[debug] [2023-07-11T13:26:48.304Z] > authorizing via signed-in user (alchaincyf@gmail.com)
[debug] [2023-07-11T13:26:48.305Z] [iam] checking project bookai-f1e89 for permissions ["firebase.projects.get"]
[debug] [2023-07-11T13:26:48.305Z] >>> [apiv2][query] POST https://cloudresourcemanager.googleapis.com/v1/projects/bookai-f1e89:testIamPermissions [none]
[debug] [2023-07-11T13:26:48.305Z] >>> [apiv2][(partial)header] POST https://cloudresourcemanager.googleapis.com/v1/projects/bookai-f1e89:testIamPermissions x-goog-quota-user=projects/bookai-f1e89
[debug] [2023-07-11T13:26:48.306Z] >>> [apiv2][body] POST https://cloudresourcemanager.googleapis.com/v1/projects/bookai-f1e89:testIamPermissions {"permissions":["firebase.projects.get"]}
[debug] [2023-07-11T13:26:49.355Z] <<< [apiv2][status] POST https://cloudresourcemanager.googleapis.com/v1/projects/bookai-f1e89:testIamPermissions 200
[debug] [2023-07-11T13:26:49.356Z] <<< [apiv2][body] POST https://cloudresourcemanager.googleapis.com/v1/projects/bookai-f1e89:testIamPermissions {"permissions":["firebase.projects.get"]}
[info] 
[info] Firestore Security Rules allow you to define how and when to allow
[info] requests. You can keep these rules in your project directory
[info] and publish them with firebase deploy.
[info] 
[debug] [2023-07-11T13:26:54.730Z] >>> [apiv2][query] GET https://firebaserules.googleapis.com/v1/projects/bookai-f1e89/releases pageSize=10&pageToken=
[debug] [2023-07-11T13:26:56.708Z] <<< [apiv2][status] GET https://firebaserules.googleapis.com/v1/projects/bookai-f1e89/releases 200
[debug] [2023-07-11T13:26:56.709Z] <<< [apiv2][body] GET https://firebaserules.googleapis.com/v1/projects/bookai-f1e89/releases {"releases":[{"name":"projects/bookai-f1e89/releases/cloud.firestore","rulesetName":"projects/bookai-f1e89/rulesets/5003457c-a5f5-4aa2-8809-1b8303959965","createTime":"2023-07-11T13:25:06.443750Z","updateTime":"2023-07-11T13:25:06.443750Z"}]}
[debug] [2023-07-11T13:26:56.709Z] Found ruleset: projects/bookai-f1e89/rulesets/5003457c-a5f5-4aa2-8809-1b8303959965
[debug] [2023-07-11T13:26:56.710Z] >>> [apiv2][query] GET https://firebaserules.googleapis.com/v1/projects/bookai-f1e89/rulesets/5003457c-a5f5-4aa2-8809-1b8303959965 [none]
[debug] [2023-07-11T13:26:58.763Z] <<< [apiv2][status] GET https://firebaserules.googleapis.com/v1/projects/bookai-f1e89/rulesets/5003457c-a5f5-4aa2-8809-1b8303959965 200
[debug] [2023-07-11T13:26:58.763Z] <<< [apiv2][body] GET https://firebaserules.googleapis.com/v1/projects/bookai-f1e89/rulesets/5003457c-a5f5-4aa2-8809-1b8303959965 [omitted]
[info] 
[info] Firestore indexes allow you to perform complex queries while
[info] maintaining performance that scales with the size of the result
[info] set. You can keep index definitions in your project directory
[info] and publish them with firebase deploy.
[info] 
[debug] [2023-07-11T13:27:03.222Z] >>> [apiv2][query] GET https://firestore.googleapis.com/v1/projects/bookai-f1e89/databases/(default)/collectionGroups/-/indexes [none]
[debug] [2023-07-11T13:27:03.225Z] >>> [apiv2][query] GET https://firestore.googleapis.com/v1/projects/bookai-f1e89/databases/(default)/collectionGroups/-/fields?filter=indexConfig.usesAncestorConfig=false OR ttlConfig:* [none]
[debug] [2023-07-11T13:27:03.602Z] <<< [apiv2][status] GET https://firestore.googleapis.com/v1/projects/bookai-f1e89/databases/(default)/collectionGroups/-/indexes 200
[debug] [2023-07-11T13:27:03.602Z] <<< [apiv2][body] GET https://firestore.googleapis.com/v1/projects/bookai-f1e89/databases/(default)/collectionGroups/-/indexes {}
[debug] [2023-07-11T13:27:03.736Z] <<< [apiv2][status] GET https://firestore.googleapis.com/v1/projects/bookai-f1e89/databases/(default)/collectionGroups/-/fields?filter=indexConfig.usesAncestorConfig=false OR ttlConfig:* 200
[debug] [2023-07-11T13:27:03.737Z] <<< [apiv2][body] GET https://firestore.googleapis.com/v1/projects/bookai-f1e89/databases/(default)/collectionGroups/-/fields?filter=indexConfig.usesAncestorConfig=false OR ttlConfig:* {"fields":[{"name":"projects/bookai-f1e89/databases/(default)/collectionGroups/__default__/fields/*","indexConfig":{"indexes":[{"queryScope":"COLLECTION","fields":[{"fieldPath":"*","order":"ASCENDING"}],"state":"READY"},{"queryScope":"COLLECTION","fields":[{"fieldPath":"*","order":"DESCENDING"}],"state":"READY"},{"queryScope":"COLLECTION","fields":[{"fieldPath":"*","arrayConfig":"CONTAINS"}],"state":"READY"}]}}]}
[info] 
=== Functions Setup
[debug] [2023-07-11T13:27:03.739Z] > command requires scopes: ["email","openid","https://www.googleapis.com/auth/cloudplatformprojects.readonly","https://www.googleapis.com/auth/firebase","https://www.googleapis.com/auth/cloud-platform"]
[debug] [2023-07-11T13:27:03.739Z] > authorizing via signed-in user (alchaincyf@gmail.com)
[debug] [2023-07-11T13:27:03.739Z] [iam] checking project bookai-f1e89 for permissions ["firebase.projects.get"]
[debug] [2023-07-11T13:27:03.740Z] >>> [apiv2][query] POST https://cloudresourcemanager.googleapis.com/v1/projects/bookai-f1e89:testIamPermissions [none]
[debug] [2023-07-11T13:27:03.740Z] >>> [apiv2][(partial)header] POST https://cloudresourcemanager.googleapis.com/v1/projects/bookai-f1e89:testIamPermissions x-goog-quota-user=projects/bookai-f1e89
[debug] [2023-07-11T13:27:03.740Z] >>> [apiv2][body] POST https://cloudresourcemanager.googleapis.com/v1/projects/bookai-f1e89:testIamPermissions {"permissions":["firebase.projects.get"]}
[debug] [2023-07-11T13:27:04.764Z] <<< [apiv2][status] POST https://cloudresourcemanager.googleapis.com/v1/projects/bookai-f1e89:testIamPermissions 200
[debug] [2023-07-11T13:27:04.764Z] <<< [apiv2][body] POST https://cloudresourcemanager.googleapis.com/v1/projects/bookai-f1e89:testIamPermissions {"permissions":["firebase.projects.get"]}
[debug] [2023-07-11T13:27:04.764Z] >>> [apiv2][query] GET https://serviceusage.googleapis.com/v1/projects/bookai-f1e89/services/cloudfunctions.googleapis.com [none]
[debug] [2023-07-11T13:27:04.764Z] >>> [apiv2][(partial)header] GET https://serviceusage.googleapis.com/v1/projects/bookai-f1e89/services/cloudfunctions.googleapis.com x-goog-quota-user=projects/bookai-f1e89
[debug] [2023-07-11T13:27:04.768Z] >>> [apiv2][query] GET https://serviceusage.googleapis.com/v1/projects/bookai-f1e89/services/runtimeconfig.googleapis.com [none]
[debug] [2023-07-11T13:27:04.768Z] >>> [apiv2][(partial)header] GET https://serviceusage.googleapis.com/v1/projects/bookai-f1e89/services/runtimeconfig.googleapis.com x-goog-quota-user=projects/bookai-f1e89
[debug] [2023-07-11T13:27:06.956Z] <<< [apiv2][status] GET https://serviceusage.googleapis.com/v1/projects/bookai-f1e89/services/runtimeconfig.googleapis.com 200
[debug] [2023-07-11T13:27:06.956Z] <<< [apiv2][body] GET https://serviceusage.googleapis.com/v1/projects/bookai-f1e89/services/runtimeconfig.googleapis.com [omitted]
[debug] [2023-07-11T13:27:06.965Z] <<< [apiv2][status] GET https://serviceusage.googleapis.com/v1/projects/bookai-f1e89/services/cloudfunctions.googleapis.com 200
[debug] [2023-07-11T13:27:06.965Z] <<< [apiv2][body] GET https://serviceusage.googleapis.com/v1/projects/bookai-f1e89/services/cloudfunctions.googleapis.com [omitted]
[debug] [2023-07-11T13:27:06.966Z] >>> [apiv2][query] POST https://serviceusage.googleapis.com/v1/projects/bookai-f1e89/services/cloudfunctions.googleapis.com:enable [none]
[debug] [2023-07-11T13:27:06.966Z] >>> [apiv2][(partial)header] POST https://serviceusage.googleapis.com/v1/projects/bookai-f1e89/services/cloudfunctions.googleapis.com:enable x-goog-quota-user=projects/bookai-f1e89
[debug] [2023-07-11T13:27:07.729Z] <<< [apiv2][status] POST https://serviceusage.googleapis.com/v1/projects/bookai-f1e89/services/cloudfunctions.googleapis.com:enable 200
[debug] [2023-07-11T13:27:07.729Z] <<< [apiv2][body] POST https://serviceusage.googleapis.com/v1/projects/bookai-f1e89/services/cloudfunctions.googleapis.com:enable [omitted]
[debug] [2023-07-11T13:27:17.731Z] >>> [apiv2][query] GET https://serviceusage.googleapis.com/v1/projects/bookai-f1e89/services/cloudfunctions.googleapis.com [none]
[debug] [2023-07-11T13:27:17.732Z] >>> [apiv2][(partial)header] GET https://serviceusage.googleapis.com/v1/projects/bookai-f1e89/services/cloudfunctions.googleapis.com x-goog-quota-user=projects/bookai-f1e89
[debug] [2023-07-11T13:27:19.396Z] <<< [apiv2][status] GET https://serviceusage.googleapis.com/v1/projects/bookai-f1e89/services/cloudfunctions.googleapis.com 200
[debug] [2023-07-11T13:27:19.396Z] <<< [apiv2][body] GET https://serviceusage.googleapis.com/v1/projects/bookai-f1e89/services/cloudfunctions.googleapis.com [omitted]
[info] Let's create a new codebase for your functions.
[info] A directory corresponding to the codebase will be created in your project
[info] with sample code pre-configured.

[info] See https://firebase.google.com/docs/functions/organize-functions for
[info] more information on organizing your functions using codebases.

[info] Functions can be deployed with firebase deploy.

[info] ✔  Wrote functions/package.json 
[info] ✔  Wrote functions/.eslintrc.js 
[info] ✔  Wrote functions/index.js 
[info] ✔  Wrote functions/.gitignore 
[info] 
=== Hosting Setup
[info] 
[info] Your public directory is the folder (relative to your project directory) that
[info] will contain Hosting assets to be uploaded with firebase deploy. If you
[info] have a build process for your assets, use your build's output directory.
[info] 
[debug] [2023-07-11T13:29:21.751Z] >>> [apiv2][query] GET https://www.gstatic.com/firebasejs/releases.json [none]
[debug] [2023-07-11T13:29:21.816Z] <<< [apiv2][status] GET https://www.gstatic.com/firebasejs/releases.json 200
[debug] [2023-07-11T13:29:21.816Z] <<< [apiv2][body] GET https://www.gstatic.com/firebasejs/releases.json {"current":{"version":"10.0.0","browserURL":"https://www.gstatic.com/firebasejs/10.0.0/firebase.js","packageURL":"https://www.gstatic.com/firebasejs/10.0.0/firebase.tgz"},"live":{"version":"10.0","browserURL":"https://www.gstatic.com/firebasejs/live/10.0/firebase.js","packageURL":"https://www.gstatic.com/firebasejs/live/10.0/firebase.tgz"},"components":{"analytics":"https://www.gstatic.com/firebasejs/10.0.0/firebase-analytics.js","app":"https://www.gstatic.com/firebasejs/10.0.0/firebase-app.js","app-check":"https://www.gstatic.com/firebasejs/10.0.0/firebase-app-check.js","auth":"https://www.gstatic.com/firebasejs/10.0.0/firebase-auth.js","auth/cordova":"https://www.gstatic.com/firebasejs/10.0.0/firebase-auth/cordova.js","functions":"https://www.gstatic.com/firebasejs/10.0.0/firebase-functions.js","firestore":"https://www.gstatic.com/firebasejs/10.0.0/firebase-firestore.js","firestore/lite":"https://www.gstatic.com/firebasejs/10.0.0/firebase-firestore/lite.js","installations":"https://www.gstatic.com/firebasejs/10.0.0/firebase-installations.js","storage":"https://www.gstatic.com/firebasejs/10.0.0/firebase-storage.js","performance":"https://www.gstatic.com/firebasejs/10.0.0/firebase-performance.js","remote-config":"https://www.gstatic.com/firebasejs/10.0.0/firebase-remote-config.js","messaging":"https://www.gstatic.com/firebasejs/10.0.0/firebase-messaging.js","messaging/sw":"https://www.gstatic.com/firebasejs/10.0.0/firebase-messaging/sw.js","database":"https://www.gstatic.com/firebasejs/10.0.0/firebase-database.js","firestore.memory":"https://www.gstatic.com/firebasejs/10.0.0/firebase-firestore.memory.js"}}
[info] ✔  Wrote public/index.html 
[info] 
[info] i  Detected a .git folder at /Users/alchain/Documents/blog 
[info] i  Authorizing with GitHub to upload your service account to a GitHub repository's secrets store. 
[info] 
[info] Visit this URL on this device to log in:
[info] https://github.com/login/oauth/authorize?client_id=89cf50f02ac6aaed3484&state=718833467&redirect_uri=http%3A%2F%2Flocalhost%3A9005&scope=read%3Auser%20repo%20public_repo
[info] 
[info] Waiting for authentication...
[debug] [2023-07-11T13:29:30.061Z] >>> [apiv2][query] POST https://github.com/login/oauth/access_token [none]
[debug] [2023-07-11T13:29:30.061Z] >>> [apiv2][body] POST https://github.com/login/oauth/access_token [stream]
[debug] [2023-07-11T13:29:30.487Z] <<< [apiv2][status] POST https://github.com/login/oauth/access_token 200
[debug] [2023-07-11T13:29:30.487Z] <<< [apiv2][body] POST https://github.com/login/oauth/access_token {"access_token":"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","token_type":"bearer","scope":"read:user,repo"}
[debug] [2023-07-11T13:29:30.499Z] >>> [apiv2][query] GET https://api.github.com/user [none]
[debug] [2023-07-11T13:29:31.625Z] <<< [apiv2][status] GET https://api.github.com/user 200
[debug] [2023-07-11T13:29:31.626Z] <<< [apiv2][body] GET https://api.github.com/user {"login":"alchaincyf","id":127714341,"node_id":"U_kgDOB5zEJQ","avatar_url":"https://avatars.githubusercontent.com/u/127714341?v=4","gravatar_id":"","url":"https://api.github.com/users/alchaincyf","html_url":"https://github.com/alchaincyf","followers_url":"https://api.github.com/users/alchaincyf/followers","following_url":"https://api.github.com/users/alchaincyf/following{/other_user}","gists_url":"https://api.github.com/users/alchaincyf/gists{/gist_id}","starred_url":"https://api.github.com/users/alchaincyf/starred{/owner}{/repo}","subscriptions_url":"https://api.github.com/users/alchaincyf/subscriptions","organizations_url":"https://api.github.com/users/alchaincyf/orgs","repos_url":"https://api.github.com/users/alchaincyf/repos","events_url":"https://api.github.com/users/alchaincyf/events{/privacy}","received_events_url":"https://api.github.com/users/alchaincyf/received_events","type":"User","site_admin":false,"name":null,"company":null,"blog":"","location":null,"email":null,"hireable":null,"bio":null,"twitter_username":null,"public_repos":6,"public_gists":0,"followers":0,"following":1,"created_at":"2023-03-13T04:44:42Z","updated_at":"2023-07-11T05:32:01Z","private_gists":0,"total_private_repos":5,"owned_private_repos":5,"disk_usage":8066,"collaborators":0,"two_factor_authentication":false,"plan":{"name":"free","space":976562499,"collaborators":0,"private_repos":10000}}
[info] 
[info] ✔  Success! Logged into GitHub as alchaincyf 
[info] 
[debug] [2023-07-11T13:29:36.516Z] >>> [apiv2][query] GET https://api.github.com/repos//actions/secrets/public-key type=owner
[debug] [2023-07-11T13:29:37.278Z] <<< [apiv2][status] GET https://api.github.com/repos//actions/secrets/public-key 404
[debug] [2023-07-11T13:29:37.279Z] <<< [apiv2][body] GET https://api.github.com/repos//actions/secrets/public-key {"message":"Not Found","documentation_url":"https://docs.github.com/rest"}
[info] 
[info] 
[error] ⚠  The provided authorization cannot be used with this repository. If this repository is in an organization, did you remember to grant access? 
[info] 
[info] i  Action required: Visit this URL to ensure access has been granted to the appropriate organization(s) for the Firebase CLI GitHub OAuth App: 
[info] https://github.com/settings/connections/applications/89cf50f02ac6aaed3484
[info] 
[debug] [2023-07-11T13:29:42.248Z] >>> [apiv2][query] GET https://api.github.com/repos//actions/secrets/public-key type=owner
[debug] [2023-07-11T13:29:42.539Z] <<< [apiv2][status] GET https://api.github.com/repos//actions/secrets/public-key 404
[debug] [2023-07-11T13:29:42.540Z] <<< [apiv2][body] GET https://api.github.com/repos//actions/secrets/public-key {"message":"Not Found","documentation_url":"https://docs.github.com/rest"}
[info] 
[info] 
[error] ⚠  The provided authorization cannot be used with this repository. If this repository is in an organization, did you remember to grant access? 
[info] 
[info] i  Action required: Visit this URL to ensure access has been granted to the appropriate organization(s) for the Firebase CLI GitHub OAuth App: 
[info] https://github.com/settings/connections/applications/89cf50f02ac6aaed3484
[info] 
[debug] [2023-07-11T13:30:24.320Z] >>> [apiv2][query] GET https://api.github.com/repos/user/actions/secrets/public-key type=owner
[debug] [2023-07-11T13:30:24.655Z] <<< [apiv2][status] GET https://api.github.com/repos/user/actions/secrets/public-key 404
[debug] [2023-07-11T13:30:24.655Z] <<< [apiv2][body] GET https://api.github.com/repos/user/actions/secrets/public-key {"message":"Not Found","documentation_url":"https://docs.github.com/rest"}
[info] 
[info] 
[error] ⚠  The provided authorization cannot be used with this repository. If this repository is in an organization, did you remember to grant access? 
[info] 
[info] i  Action required: Visit this URL to ensure access has been granted to the appropriate organization(s) for the Firebase CLI GitHub OAuth App: 
[info] https://github.com/settings/connections/applications/89cf50f02ac6aaed3484
[info] 
[debug] [2023-07-11T13:30:43.874Z] >>> [apiv2][query] GET https://api.github.com/repos/user/actions/secrets/public-key type=owner
[debug] [2023-07-11T13:30:44.201Z] <<< [apiv2][status] GET https://api.github.com/repos/user/actions/secrets/public-key 404
[debug] [2023-07-11T13:30:44.201Z] <<< [apiv2][body] GET https://api.github.com/repos/user/actions/secrets/public-key {"message":"Not Found","documentation_url":"https://docs.github.com/rest"}
[info] 
[info] 
[error] ⚠  The provided authorization cannot be used with this repository. If this repository is in an organization, did you remember to grant access? 
[info] 
[info] i  Action required: Visit this URL to ensure access has been granted to the appropriate organization(s) for the Firebase CLI GitHub OAuth App: 
[info] https://github.com/settings/connections/applications/89cf50f02ac6aaed3484
[info] 
[debug] [2023-07-11T13:31:42.977Z] >>> [apiv2][query] GET https://api.github.com/repos/user/repository/actions/secrets/public-key type=owner
[debug] [2023-07-11T13:31:43.385Z] <<< [apiv2][status] GET https://api.github.com/repos/user/repository/actions/secrets/public-key 404
[debug] [2023-07-11T13:31:43.385Z] <<< [apiv2][body] GET https://api.github.com/repos/user/repository/actions/secrets/public-key {"message":"Not Found","documentation_url":"https://docs.github.com/rest/reference/actions#get-a-repository-public-key"}
[info] 
[info] 
[error] ⚠  The provided authorization cannot be used with this repository. If this repository is in an organization, did you remember to grant access? 
[info] 
[info] i  Action required: Visit this URL to ensure access has been granted to the appropriate organization(s) for the Firebase CLI GitHub OAuth App: 
[info] https://github.com/settings/connections/applications/89cf50f02ac6aaed3484
[info] 
[debug] [2023-07-11T13:31:48.695Z] >>> [apiv2][query] GET https://api.github.com/repos/user/repository/actions/secrets/public-key type=owner
[debug] [2023-07-11T13:31:50.052Z] <<< [apiv2][status] GET https://api.github.com/repos/user/repository/actions/secrets/public-key 404
[debug] [2023-07-11T13:31:50.053Z] <<< [apiv2][body] GET https://api.github.com/repos/user/repository/actions/secrets/public-key {"message":"Not Found","documentation_url":"https://docs.github.com/rest/reference/actions#get-a-repository-public-key"}
[info] 
[info] 
[error] ⚠  The provided authorization cannot be used with this repository. If this repository is in an organization, did you remember to grant access? 
[info] 
[info] i  Action required: Visit this URL to ensure access has been granted to the appropriate organization(s) for the Firebase CLI GitHub OAuth App: 
[info] https://github.com/settings/connections/applications/89cf50f02ac6aaed3484
[info] 
[debug] [2023-07-11T13:31:55.611Z] >>> [apiv2][query] GET https://api.github.com/repos/user/repositoryy/actions/secrets/public-key type=owner
[debug] [2023-07-11T13:31:55.946Z] <<< [apiv2][status] GET https://api.github.com/repos/user/repositoryy/actions/secrets/public-key 404
[debug] [2023-07-11T13:31:55.947Z] <<< [apiv2][body] GET https://api.github.com/repos/user/repositoryy/actions/secrets/public-key {"message":"Not Found","documentation_url":"https://docs.github.com/rest/reference/actions#get-a-repository-public-key"}
[info] 
[info] 
[error] ⚠  The provided authorization cannot be used with this repository. If this repository is in an organization, did you remember to grant access? 
[info] 
[info] i  Action required: Visit this URL to ensure access has been granted to the appropriate organization(s) for the Firebase CLI GitHub OAuth App: 
[info] https://github.com/settings/connections/applications/89cf50f02ac6aaed3484
[info] 
